-------------------------------------------------------------------------------
Test set: com.kev.autosettingdemo.AutoSettingDemoApplicationTests
-------------------------------------------------------------------------------
Tests run: 1, Failures: 0, Errors: 1, Skipped: 0, Time elapsed: 0.124 s <<< FAILURE! - in com.kev.autosettingdemo.AutoSettingDemoApplicationTests
initializationError(com.kev.autosettingdemo.AutoSettingDemoApplicationTests)  Time elapsed: 0.004 s  <<< ERROR!
java.lang.Exception: No runnable methods

